# JRE version: Java(TM) SE Runtime Environment (20.0.2+9) (build 20.0.2+9-78)
# Java VM: Java HotSpot(TM) 64-Bit Server VM (20.0.2+9-78, mixed mode, sharing, tiered, compressed oops, compressed class ptrs, g1 gc, windows-amd64)
GC Precious Log:
 CardTable entry size: 512
 Card Set container configuration: InlinePtr #cards 5 size 8 Array Of Cards #cards 12 size 40 Howl #buckets 4 coarsen threshold 1843 Howl Bitmap #cards 512 size 80 coarsen threshold 460 Card regions per heap region 1 cards per card region 2048
 CPUs: 8 total, 8 available
 Memory: 7872M
 Large Page Support: Disabled
 NUMA Support: Disabled
 Compressed Oops: Enabled (32-bit)
 Heap Region Size: 1M
 Heap Min Capacity: 8M
 Heap Initial Capacity: 124M
 Heap Max Capacity: 1970M
 Pre-touch: Disabled
 Parallel Workers: 8
 Concurrent Workers: 2
 Concurrent Refinement Workers: 8
 Periodic GC: Disabled
Heap:
 garbage-first heap   total 75776K, used 31658K [0x0000000084e00000, 0x0000000100000000)
  region size 1024K, 4 young (4096K), 3 survivors (3072K)
 Metaspace       used 73947K, committed 75392K, reserved 1179648K
  class space    used 9691K, committed 10112K, reserved 1048576K
GC Heap History (20 events):
Event: 1132.148 GC heap before
{Heap before GC invocations=38 (full 4):
 garbage-first heap   total 75776K, used 66676K [0x0000000084e00000, 0x0000000100000000)
  region size 1024K, 34 young (34816K), 1 survivors (1024K)
 Metaspace       used 70821K, committed 71680K, reserved 1114112K
  class space    used 9286K, committed 9728K, reserved 1048576K
}
Event: 1132.176 GC heap after
{Heap after GC invocations=39 (full 4):
 garbage-first heap   total 75776K, used 32697K [0x0000000084e00000, 0x0000000100000000)
  region size 1024K, 1 young (1024K), 1 survivors (1024K)
 Metaspace       used 70821K, committed 71680K, reserved 1114112K
  class space    used 9286K, committed 9728K, reserved 1048576K
}
Event: 1510.749 GC heap before
{Heap before GC invocations=40 (full 4):
 garbage-first heap   total 75776K, used 68537K [0x0000000084e00000, 0x0000000100000000)
  region size 1024K, 36 young (36864K), 1 survivors (1024K)
 Metaspace       used 70819K, committed 71680K, reserved 1114112K
  class space    used 9286K, committed 9728K, reserved 1048576K
}
Event: 1510.753 GC heap after
{Heap after GC invocations=41 (full 4):
 garbage-first heap   total 75776K, used 32722K [0x0000000084e00000, 0x0000000100000000)
  region size 1024K, 1 young (1024K), 1 survivors (1024K)
 Metaspace       used 70819K, committed 71680K, reserved 1114112K
  class space    used 9286K, committed 9728K, reserved 1048576K
}
Event: 1888.806 GC heap before
{Heap before GC invocations=41 (full 4):
 garbage-first heap   total 75776K, used 68562K [0x0000000084e00000, 0x0000000100000000)
  region size 1024K, 36 young (36864K), 1 survivors (1024K)
 Metaspace       used 70819K, committed 71680K, reserved 1114112K
  class space    used 9286K, committed 9728K, reserved 1048576K
}
Event: 1888.814 GC heap after
{Heap after GC invocations=42 (full 4):
 garbage-first heap   total 75776K, used 31555K [0x0000000084e00000, 0x0000000100000000)
  region size 1024K, 1 young (1024K), 1 survivors (1024K)
 Metaspace       used 70819K, committed 71680K, reserved 1114112K
  class space    used 9286K, committed 9728K, reserved 1048576K
}
Event: 2277.161 GC heap before
{Heap before GC invocations=42 (full 4):
 garbage-first heap   total 75776K, used 68419K [0x0000000084e00000, 0x0000000100000000)
  region size 1024K, 37 young (37888K), 1 survivors (1024K)
 Metaspace       used 70831K, committed 71744K, reserved 1114112K
  class space    used 9286K, committed 9728K, reserved 1048576K
}
Event: 2277.171 GC heap after
{Heap after GC invocations=43 (full 4):
 garbage-first heap   total 75776K, used 31599K [0x0000000084e00000, 0x0000000100000000)
  region size 1024K, 1 young (1024K), 1 survivors (1024K)
 Metaspace       used 70831K, committed 71744K, reserved 1114112K
  class space    used 9286K, committed 9728K, reserved 1048576K
}
Event: 2579.249 GC heap before
{Heap before GC invocations=44 (full 4):
 garbage-first heap   total 75776K, used 67439K [0x0000000084e00000, 0x0000000100000000)
  region size 1024K, 37 young (37888K), 1 survivors (1024K)
 Metaspace       used 72065K, committed 72832K, reserved 1114112K
  class space    used 9410K, committed 9792K, reserved 1048576K
}
Event: 2579.257 GC heap after
{Heap after GC invocations=45 (full 4):
 garbage-first heap   total 75776K, used 32644K [0x0000000084e00000, 0x0000000100000000)
  region size 1024K, 2 young (2048K), 2 survivors (2048K)
 Metaspace       used 72065K, committed 72832K, reserved 1114112K
  class space    used 9410K, committed 9792K, reserved 1048576K
}
Event: 2843.802 GC heap before
{Heap before GC invocations=45 (full 4):
 garbage-first heap   total 75776K, used 66436K [0x0000000084e00000, 0x0000000100000000)
  region size 1024K, 36 young (36864K), 2 survivors (2048K)
 Metaspace       used 74700K, committed 75392K, reserved 1179648K
  class space    used 9777K, committed 10112K, reserved 1048576K
}
Event: 2843.809 GC heap after
{Heap after GC invocations=46 (full 4):
 garbage-first heap   total 75776K, used 32308K [0x0000000084e00000, 0x0000000100000000)
  region size 1024K, 3 young (3072K), 3 survivors (3072K)
 Metaspace       used 74700K, committed 75392K, reserved 1179648K
  class space    used 9777K, committed 10112K, reserved 1048576K
}
Event: 3196.394 GC heap before
{Heap before GC invocations=46 (full 4):
 garbage-first heap   total 75776K, used 66100K [0x0000000084e00000, 0x0000000100000000)
  region size 1024K, 36 young (36864K), 3 survivors (3072K)
 Metaspace       used 74700K, committed 75392K, reserved 1179648K
  class space    used 9777K, committed 10112K, reserved 1048576K
}
Event: 3196.398 GC heap after
{Heap after GC invocations=47 (full 4):
 garbage-first heap   total 75776K, used 32208K [0x0000000084e00000, 0x0000000100000000)
  region size 1024K, 3 young (3072K), 3 survivors (3072K)
 Metaspace       used 74700K, committed 75392K, reserved 1179648K
  class space    used 9777K, committed 10112K, reserved 1048576K
}
Event: 3550.893 GC heap before
{Heap before GC invocations=48 (full 4):
 garbage-first heap   total 75776K, used 66000K [0x0000000084e00000, 0x0000000100000000)
  region size 1024K, 36 young (36864K), 3 survivors (3072K)
 Metaspace       used 73952K, committed 75392K, reserved 1179648K
  class space    used 9694K, committed 10112K, reserved 1048576K
}
Event: 3550.904 GC heap after
{Heap after GC invocations=49 (full 4):
 garbage-first heap   total 75776K, used 32317K [0x0000000084e00000, 0x0000000100000000)
  region size 1024K, 3 young (3072K), 3 survivors (3072K)
 Metaspace       used 73952K, committed 75392K, reserved 1179648K
  class space    used 9694K, committed 10112K, reserved 1048576K
}
Event: 3902.598 GC heap before
{Heap before GC invocations=49 (full 4):
 garbage-first heap   total 75776K, used 66109K [0x0000000084e00000, 0x0000000100000000)
  region size 1024K, 36 young (36864K), 3 survivors (3072K)
 Metaspace       used 73952K, committed 75392K, reserved 1179648K
  class space    used 9694K, committed 10112K, reserved 1048576K
}
Event: 3902.611 GC heap after
{Heap after GC invocations=50 (full 4):
 garbage-first heap   total 75776K, used 31015K [0x0000000084e00000, 0x0000000100000000)
  region size 1024K, 3 young (3072K), 3 survivors (3072K)
 Metaspace       used 73952K, committed 75392K, reserved 1179648K
  class space    used 9694K, committed 10112K, reserved 1048576K
}
Event: 4227.887 GC heap before
{Heap before GC invocations=50 (full 4):
 garbage-first heap   total 75776K, used 65831K [0x0000000084e00000, 0x0000000100000000)
  region size 1024K, 37 young (37888K), 3 survivors (3072K)
 Metaspace       used 73957K, committed 75392K, reserved 1179648K
  class space    used 9694K, committed 10112K, reserved 1048576K
}
Event: 4227.903 GC heap after
{Heap after GC invocations=51 (full 4):
 garbage-first heap   total 75776K, used 31658K [0x0000000084e00000, 0x0000000100000000)
  region size 1024K, 3 young (3072K), 3 survivors (3072K)
 Metaspace       used 73957K, committed 75392K, reserved 1179648K
  class space    used 9694K, committed 10112K, reserved 1048576K
}

